
21/07/2022 09:07:16 INFO com.safety.safetyNet.controller.SafetyNetChildrenController
 Requête reçue -> getAddressChild :1509 Culver St

21/07/2022 09:07:16 INFO com.safety.safetyNet.controller.SafetyNetChildrenController
 Objet retourné -> getAddressChild :[PersonsByAddress(children=[PersonsChildren(firstName=Tenley, lastName=Boyd, age=9), PersonsChildren(firstName=Roger, lastName=Boyd, age=5)], adult=[PersonsAdult(firstName=John, lastName=Boyd), PersonsAdult(firstName=Jacob, lastName=Boyd), PersonsAdult(firstName=Felicia, lastName=Boyd)])]

21/07/2022 09:07:37 INFO com.safety.safetyNet.controller.SafetyNetChildrenController
 Requête reçue -> getAddressChild :1509 Culver St

21/07/2022 09:07:37 INFO com.safety.safetyNet.controller.SafetyNetChildrenController
 Objet retourné -> getAddressChild :[PersonsByAddress(children=[PersonsChildren(firstName=Tenley, lastName=Boyd, age=9), PersonsChildren(firstName=Roger, lastName=Boyd, age=5)], adult=[PersonsAdult(firstName=John, lastName=Boyd), PersonsAdult(firstName=Jacob, lastName=Boyd), PersonsAdult(firstName=Felicia, lastName=Boyd), PersonsAdult(firstName=John, lastName=Boyd), PersonsAdult(firstName=Jacob, lastName=Boyd), PersonsAdult(firstName=Felicia, lastName=Boyd)]), PersonsByAddress(children=[PersonsChildren(firstName=Tenley, lastName=Boyd, age=9), PersonsChildren(firstName=Roger, lastName=Boyd, age=5)], adult=[PersonsAdult(firstName=John, lastName=Boyd), PersonsAdult(firstName=Jacob, lastName=Boyd), PersonsAdult(firstName=Felicia, lastName=Boyd), PersonsAdult(firstName=John, lastName=Boyd), PersonsAdult(firstName=Jacob, lastName=Boyd), PersonsAdult(firstName=Felicia, lastName=Boyd)]), PersonsByAddress(children=[PersonsChildren(firstName=Tenley, lastName=Boyd, age=9), PersonsChildren(firstName=Roger, lastName=Boyd, age=5)], adult=[PersonsAdult(firstName=John, lastName=Boyd), PersonsAdult(firstName=Jacob, lastName=Boyd), PersonsAdult(firstName=Felicia, lastName=Boyd), PersonsAdult(firstName=John, lastName=Boyd), PersonsAdult(firstName=Jacob, lastName=Boyd), PersonsAdult(firstName=Felicia, lastName=Boyd)]), PersonsByAddress(children=[PersonsChildren(firstName=Tenley, lastName=Boyd, age=9), PersonsChildren(firstName=Roger, lastName=Boyd, age=5)], adult=[PersonsAdult(firstName=John, lastName=Boyd), PersonsAdult(firstName=Jacob, lastName=Boyd), PersonsAdult(firstName=Felicia, lastName=Boyd), PersonsAdult(firstName=John, lastName=Boyd), PersonsAdult(firstName=Jacob, lastName=Boyd), PersonsAdult(firstName=Felicia, lastName=Boyd)]), PersonsByAddress(children=[PersonsChildren(firstName=Tenley, lastName=Boyd, age=9), PersonsChildren(firstName=Roger, lastName=Boyd, age=5)], adult=[PersonsAdult(firstName=John, lastName=Boyd), PersonsAdult(firstName=Jacob, lastName=Boyd), PersonsAdult(firstName=Felicia, lastName=Boyd), PersonsAdult(firstName=John, lastName=Boyd), PersonsAdult(firstName=Jacob, lastName=Boyd), PersonsAdult(firstName=Felicia, lastName=Boyd)]), PersonsByAddress(children=[PersonsChildren(firstName=Tenley, lastName=Boyd, age=9), PersonsChildren(firstName=Roger, lastName=Boyd, age=5)], adult=[PersonsAdult(firstName=John, lastName=Boyd), PersonsAdult(firstName=Jacob, lastName=Boyd), PersonsAdult(firstName=Felicia, lastName=Boyd), PersonsAdult(firstName=John, lastName=Boyd), PersonsAdult(firstName=Jacob, lastName=Boyd), PersonsAdult(firstName=Felicia, lastName=Boyd)])]

21/07/2022 09:07:01 INFO com.safety.safetyNet.controller.SafetyNetChildrenController
 Requête reçue -> getAddressChild :1509 Culver St

21/07/2022 09:07:01 INFO com.safety.safetyNet.controller.SafetyNetChildrenController
 Objet retourné -> getAddressChild :[PersonsByAddress(children=[PersonsChildren(firstName=Tenley, lastName=Boyd, age=9), PersonsChildren(firstName=Roger, lastName=Boyd, age=5)], adult=[PersonsAdult(firstName=John, lastName=Boyd), PersonsAdult(firstName=Jacob, lastName=Boyd), PersonsAdult(firstName=Felicia, lastName=Boyd)]), PersonsByAddress(children=[PersonsChildren(firstName=Tenley, lastName=Boyd, age=9), PersonsChildren(firstName=Roger, lastName=Boyd, age=5)], adult=[PersonsAdult(firstName=John, lastName=Boyd), PersonsAdult(firstName=Jacob, lastName=Boyd), PersonsAdult(firstName=Felicia, lastName=Boyd)]), PersonsByAddress(children=[PersonsChildren(firstName=Tenley, lastName=Boyd, age=9), PersonsChildren(firstName=Roger, lastName=Boyd, age=5)], adult=[PersonsAdult(firstName=John, lastName=Boyd), PersonsAdult(firstName=Jacob, lastName=Boyd), PersonsAdult(firstName=Felicia, lastName=Boyd)]), PersonsByAddress(children=[PersonsChildren(firstName=Tenley, lastName=Boyd, age=9), PersonsChildren(firstName=Roger, lastName=Boyd, age=5)], adult=[PersonsAdult(firstName=John, lastName=Boyd), PersonsAdult(firstName=Jacob, lastName=Boyd), PersonsAdult(firstName=Felicia, lastName=Boyd)]), PersonsByAddress(children=[PersonsChildren(firstName=Tenley, lastName=Boyd, age=9), PersonsChildren(firstName=Roger, lastName=Boyd, age=5)], adult=[PersonsAdult(firstName=John, lastName=Boyd), PersonsAdult(firstName=Jacob, lastName=Boyd), PersonsAdult(firstName=Felicia, lastName=Boyd)]), PersonsByAddress(children=[PersonsChildren(firstName=Tenley, lastName=Boyd, age=9), PersonsChildren(firstName=Roger, lastName=Boyd, age=5)], adult=[PersonsAdult(firstName=John, lastName=Boyd), PersonsAdult(firstName=Jacob, lastName=Boyd), PersonsAdult(firstName=Felicia, lastName=Boyd)])]

21/07/2022 10:07:30 INFO com.safety.safetyNet.controller.SafetyNetChildrenController
 Requête reçue -> getAddressChild :1509 Culver St

21/07/2022 10:07:30 INFO com.safety.safetyNet.controller.SafetyNetChildrenController
 Objet retourné -> getAddressChild :[PersonsByAddress(children=[PersonsChildren(firstName=Tenley, lastName=Boyd, age=9), PersonsChildren(firstName=Roger, lastName=Boyd, age=5)], adult=[PersonsAdult(firstName=John, lastName=Boyd), PersonsAdult(firstName=Jacob, lastName=Boyd), PersonsAdult(firstName=Felicia, lastName=Boyd)]), PersonsByAddress(children=[PersonsChildren(firstName=Tenley, lastName=Boyd, age=9), PersonsChildren(firstName=Roger, lastName=Boyd, age=5)], adult=[PersonsAdult(firstName=John, lastName=Boyd), PersonsAdult(firstName=Jacob, lastName=Boyd), PersonsAdult(firstName=Felicia, lastName=Boyd)]), PersonsByAddress(children=[PersonsChildren(firstName=Tenley, lastName=Boyd, age=9), PersonsChildren(firstName=Roger, lastName=Boyd, age=5)], adult=[PersonsAdult(firstName=John, lastName=Boyd), PersonsAdult(firstName=Jacob, lastName=Boyd), PersonsAdult(firstName=Felicia, lastName=Boyd)]), PersonsByAddress(children=[PersonsChildren(firstName=Tenley, lastName=Boyd, age=9), PersonsChildren(firstName=Roger, lastName=Boyd, age=5)], adult=[PersonsAdult(firstName=John, lastName=Boyd), PersonsAdult(firstName=Jacob, lastName=Boyd), PersonsAdult(firstName=Felicia, lastName=Boyd)]), PersonsByAddress(children=[PersonsChildren(firstName=Tenley, lastName=Boyd, age=9), PersonsChildren(firstName=Roger, lastName=Boyd, age=5)], adult=[PersonsAdult(firstName=John, lastName=Boyd), PersonsAdult(firstName=Jacob, lastName=Boyd), PersonsAdult(firstName=Felicia, lastName=Boyd)]), PersonsByAddress(children=[PersonsChildren(firstName=Tenley, lastName=Boyd, age=9), PersonsChildren(firstName=Roger, lastName=Boyd, age=5)], adult=[PersonsAdult(firstName=John, lastName=Boyd), PersonsAdult(firstName=Jacob, lastName=Boyd), PersonsAdult(firstName=Felicia, lastName=Boyd)])]

21/07/2022 10:07:17 INFO com.safety.safetyNet.controller.SafetyNetChildrenController
 Requête reçue -> getAddressChild :1509 Culver St

21/07/2022 10:07:17 INFO com.safety.safetyNet.controller.SafetyNetChildrenController
 Objet retourné -> getAddressChild :[PersonsByAddress(children=[PersonsChildren(firstName=Roger, lastName=Boyd, age=5)], adult=[PersonsAdult(firstName=John, lastName=Boyd), PersonsAdult(firstName=Jacob, lastName=Boyd), PersonsAdult(firstName=Felicia, lastName=Boyd)]), PersonsByAddress(children=[PersonsChildren(firstName=Roger, lastName=Boyd, age=5)], adult=[PersonsAdult(firstName=John, lastName=Boyd), PersonsAdult(firstName=Jacob, lastName=Boyd), PersonsAdult(firstName=Felicia, lastName=Boyd)]), PersonsByAddress(children=[PersonsChildren(firstName=Roger, lastName=Boyd, age=5)], adult=[PersonsAdult(firstName=John, lastName=Boyd), PersonsAdult(firstName=Jacob, lastName=Boyd), PersonsAdult(firstName=Felicia, lastName=Boyd)])]

21/07/2022 10:07:33 INFO com.safety.safetyNet.controller.SafetyNetChildrenController
 Requête reçue -> getAddressChild :1509 Culver St

21/07/2022 10:07:33 INFO com.safety.safetyNet.controller.SafetyNetChildrenController
 Objet retourné -> getAddressChild :[PersonsByAddress(children=[PersonsChildren(firstName=Roger, lastName=Boyd, age=5)], adult=[PersonsAdult(firstName=John, lastName=Boyd), PersonsAdult(firstName=Jacob, lastName=Boyd), PersonsAdult(firstName=Felicia, lastName=Boyd)]), PersonsByAddress(children=[PersonsChildren(firstName=Roger, lastName=Boyd, age=5)], adult=[PersonsAdult(firstName=John, lastName=Boyd), PersonsAdult(firstName=Jacob, lastName=Boyd), PersonsAdult(firstName=Felicia, lastName=Boyd)]), PersonsByAddress(children=[PersonsChildren(firstName=Roger, lastName=Boyd, age=5)], adult=[PersonsAdult(firstName=John, lastName=Boyd), PersonsAdult(firstName=Jacob, lastName=Boyd), PersonsAdult(firstName=Felicia, lastName=Boyd)])]

21/07/2022 10:07:37 INFO com.safety.safetyNet.controller.SafetyNetChildrenController
 Requête reçue -> getAddressChild :1509 Culver St

21/07/2022 10:07:37 INFO com.safety.safetyNet.controller.SafetyNetChildrenController
 Objet retourné -> getAddressChild :[PersonsByAddress(children=[PersonsChildren(firstName=Roger, lastName=Boyd, age=5)], adult=[PersonsAdult(firstName=John, lastName=Boyd), PersonsAdult(firstName=Jacob, lastName=Boyd), PersonsAdult(firstName=Felicia, lastName=Boyd)]), PersonsByAddress(children=[PersonsChildren(firstName=Roger, lastName=Boyd, age=5)], adult=[PersonsAdult(firstName=John, lastName=Boyd), PersonsAdult(firstName=Jacob, lastName=Boyd), PersonsAdult(firstName=Felicia, lastName=Boyd)]), PersonsByAddress(children=[PersonsChildren(firstName=Roger, lastName=Boyd, age=5)], adult=[PersonsAdult(firstName=John, lastName=Boyd), PersonsAdult(firstName=Jacob, lastName=Boyd), PersonsAdult(firstName=Felicia, lastName=Boyd)])]

21/07/2022 10:07:34 INFO com.safety.safetyNet.controller.SafetyNetChildrenController
 Requête reçue -> getAddressChild :1509 Culver St

21/07/2022 10:07:34 INFO com.safety.safetyNet.controller.SafetyNetChildrenController
 Objet retourné -> getAddressChild :[PersonsByAddress(children=[PersonsChildren(firstName=Roger, lastName=Boyd, age=5)], adult=[PersonsAdult(firstName=John, lastName=Boyd), PersonsAdult(firstName=Jacob, lastName=Boyd), PersonsAdult(firstName=Felicia, lastName=Boyd)])]

21/07/2022 10:07:09 INFO com.safety.safetyNet.controller.SafetyNetChildrenController
 Requête reçue -> getAddressChild :1509 Culver St

21/07/2022 10:07:09 INFO com.safety.safetyNet.controller.SafetyNetChildrenController
 Objet retourné -> getAddressChild :[PersonsByAddress(children=[PersonsChildren(firstName=Tenley, lastName=Boyd, age=9), PersonsChildren(firstName=Roger, lastName=Boyd, age=5)], adult=[PersonsAdult(firstName=John, lastName=Boyd), PersonsAdult(firstName=Jacob, lastName=Boyd), PersonsAdult(firstName=Felicia, lastName=Boyd)]), PersonsByAddress(children=[PersonsChildren(firstName=Tenley, lastName=Boyd, age=9), PersonsChildren(firstName=Roger, lastName=Boyd, age=5)], adult=[PersonsAdult(firstName=John, lastName=Boyd), PersonsAdult(firstName=Jacob, lastName=Boyd), PersonsAdult(firstName=Felicia, lastName=Boyd)])]

21/07/2022 10:07:18 INFO com.safety.safetyNet.controller.SafetyNetChildrenController
 Requête reçue -> getAddressChild :1509 Culver St

21/07/2022 10:07:18 INFO com.safety.safetyNet.controller.SafetyNetChildrenController
 Objet retourné -> getAddressChild :[PersonsByAddress(children=[PersonsChildren(firstName=Tenley, lastName=Boyd, age=9)], adult=[PersonsAdult(firstName=John, lastName=Boyd), PersonsAdult(firstName=Jacob, lastName=Boyd), PersonsAdult(firstName=Felicia, lastName=Boyd)])]

21/07/2022 10:07:56 INFO com.safety.safetyNet.controller.SafetyNetChildrenController
 Requête reçue -> getAddressChild :1509 Culver St

21/07/2022 10:07:56 INFO com.safety.safetyNet.controller.SafetyNetChildrenController
 Objet retourné -> getAddressChild :[PersonsByAddress(children=[PersonsChildren(firstName=Tenley, lastName=Boyd, age=9), PersonsChildren(firstName=Roger, lastName=Test, age=5)], adult=[PersonsAdult(firstName=John, lastName=Boyd), PersonsAdult(firstName=Jacob, lastName=Boyd), PersonsAdult(firstName=Felicia, lastName=Boyd)]), PersonsByAddress(children=[PersonsChildren(firstName=Tenley, lastName=Boyd, age=9), PersonsChildren(firstName=Roger, lastName=Test, age=5)], adult=[])]

21/07/2022 10:07:57 INFO com.safety.safetyNet.controller.SafetyNetChildrenController
 Requête reçue -> getAddressChild :1509 Culver St

21/07/2022 10:07:57 INFO com.safety.safetyNet.controller.SafetyNetChildrenController
 Objet retourné -> getAddressChild :[PersonsByAddress(children=[PersonsChildren(firstName=Tenley, lastName=Boyd, age=9), PersonsChildren(firstName=Roger, lastName=Boyd, age=5)], adult=[PersonsAdult(firstName=John, lastName=Boyd), PersonsAdult(firstName=Jacob, lastName=Boyd), PersonsAdult(firstName=Felicia, lastName=Boyd)]), PersonsByAddress(children=[PersonsChildren(firstName=Tenley, lastName=Boyd, age=9), PersonsChildren(firstName=Roger, lastName=Boyd, age=5)], adult=[PersonsAdult(firstName=John, lastName=Boyd), PersonsAdult(firstName=Jacob, lastName=Boyd), PersonsAdult(firstName=Felicia, lastName=Boyd)])]

21/07/2022 11:07:13 INFO com.safety.safetyNet.controller.SafetyNetChildrenController
 Requête reçue -> getAddressChild :1509 Culver St

21/07/2022 11:07:13 INFO com.safety.safetyNet.controller.SafetyNetChildrenController
 Objet retourné -> getAddressChild :[PersonsByAddress(children=[PersonsChildren(firstName=Tenley, lastName=Boyd, age=9), PersonsChildren(firstName=Roger, lastName=Boyd, age=5)], adult=[PersonsAdult(firstName=John, lastName=Boyd), PersonsAdult(firstName=Jacob, lastName=Boyd), PersonsAdult(firstName=Felicia, lastName=Boyd)]), PersonsByAddress(children=[PersonsChildren(firstName=Tenley, lastName=Boyd, age=9), PersonsChildren(firstName=Roger, lastName=Boyd, age=5)], adult=[PersonsAdult(firstName=John, lastName=Boyd), PersonsAdult(firstName=Jacob, lastName=Boyd), PersonsAdult(firstName=Felicia, lastName=Boyd)])]

21/07/2022 11:07:17 INFO com.safety.safetyNet.controller.SafetyNetChildrenController
 Requête reçue -> getAddressChild :1509 Culver St

21/07/2022 11:07:17 INFO com.safety.safetyNet.controller.SafetyNetChildrenController
 Objet retourné -> getAddressChild :[PersonsByAddress(children=[PersonsChildren(firstName=Tenley, lastName=Boyd, age=9), PersonsChildren(firstName=Roger, lastName=Test, age=5)], adult=[PersonsAdult(firstName=John, lastName=Boyd), PersonsAdult(firstName=Jacob, lastName=Boyd), PersonsAdult(firstName=Felicia, lastName=Boyd)]), PersonsByAddress(children=[PersonsChildren(firstName=Tenley, lastName=Boyd, age=9), PersonsChildren(firstName=Roger, lastName=Test, age=5)], adult=[])]

21/07/2022 11:07:48 INFO com.safety.safetyNet.controller.SafetyNetChildrenController
 Requête reçue -> getAddressChild :1509 Culver St

21/07/2022 11:07:48 INFO com.safety.safetyNet.controller.SafetyNetChildrenController
 Objet retourné -> getAddressChild :[PersonsByAddress(children=[PersonsChildren(firstName=Tenley, lastName=Boyd, age=9), PersonsChildren(firstName=Roger, lastName=Test, age=5)], adult=[PersonsAdult(firstName=John, lastName=Boyd), PersonsAdult(firstName=Jacob, lastName=Boyd), PersonsAdult(firstName=Felicia, lastName=Boyd)]), PersonsByAddress(children=[PersonsChildren(firstName=Tenley, lastName=Boyd, age=9), PersonsChildren(firstName=Roger, lastName=Test, age=5)], adult=[])]

21/07/2022 11:07:49 INFO com.safety.safetyNet.controller.SafetyNetChildrenController
 Requête reçue -> getAddressChild :1509 Culver St

21/07/2022 11:07:49 INFO com.safety.safetyNet.controller.SafetyNetChildrenController
 Objet retourné -> getAddressChild :[PersonsByAddress(children=[PersonsChildren(firstName=Tenley, lastName=Boyd, age=9), PersonsChildren(firstName=Roger, lastName=Test, age=5)], adult=[PersonsAdult(firstName=John, lastName=Boyd), PersonsAdult(firstName=Jacob, lastName=Boyd), PersonsAdult(firstName=Felicia, lastName=Boyd)]), PersonsByAddress(children=[PersonsChildren(firstName=Tenley, lastName=Boyd, age=9), PersonsChildren(firstName=Roger, lastName=Test, age=5)], adult=[])]

21/07/2022 11:07:11 INFO com.safety.safetyNet.controller.SafetyNetChildrenController
 Requête reçue -> getAddressChild :1509 Culver St

21/07/2022 11:07:11 INFO com.safety.safetyNet.controller.SafetyNetChildrenController
 Objet retourné -> getAddressChild :[PersonsByAddress(children=[PersonsChildren(firstName=Tenley, lastName=Boyd, age=9), PersonsChildren(firstName=Roger, lastName=Boyd, age=5)], adult=[PersonsAdult(firstName=John, lastName=Boyd), PersonsAdult(firstName=Jacob, lastName=Boyd), PersonsAdult(firstName=Felicia, lastName=Boyd)]), PersonsByAddress(children=[PersonsChildren(firstName=Tenley, lastName=Boyd, age=9), PersonsChildren(firstName=Roger, lastName=Boyd, age=5)], adult=[PersonsAdult(firstName=John, lastName=Boyd), PersonsAdult(firstName=Jacob, lastName=Boyd), PersonsAdult(firstName=Felicia, lastName=Boyd)])]

21/07/2022 11:07:14 INFO com.safety.safetyNet.controller.SafetyNetChildrenController
 Requête reçue -> getAddressChild :1509 Culver St

21/07/2022 11:07:14 INFO com.safety.safetyNet.controller.SafetyNetChildrenController
 Objet retourné -> getAddressChild :[PersonsByAddress(children=[PersonsChildren(firstName=Tenley, lastName=Boyd, age=9), PersonsChildren(firstName=Roger, lastName=Boyd, age=5)], adult=[PersonsAdult(firstName=John, lastName=Boyd), PersonsAdult(firstName=Jacob, lastName=Boyd), PersonsAdult(firstName=Felicia, lastName=Boyd)]), PersonsByAddress(children=[PersonsChildren(firstName=Tenley, lastName=Boyd, age=9), PersonsChildren(firstName=Roger, lastName=Boyd, age=5)], adult=[PersonsAdult(firstName=John, lastName=Boyd), PersonsAdult(firstName=Jacob, lastName=Boyd), PersonsAdult(firstName=Felicia, lastName=Boyd)])]

21/07/2022 11:07:50 INFO com.safety.safetyNet.controller.SafetyNetChildrenController
 Requête reçue -> getAddressChild :1509 Culver St

21/07/2022 11:07:50 INFO com.safety.safetyNet.controller.SafetyNetChildrenController
 Objet retourné -> getAddressChild :[PersonsByAddress(children=[PersonsChildren(firstName=Tenley, lastName=Boyd, age=9), PersonsChildren(firstName=Roger, lastName=Test, age=5)], adult=[PersonsAdult(firstName=John, lastName=Boyd), PersonsAdult(firstName=Jacob, lastName=Boyd), PersonsAdult(firstName=Felicia, lastName=Boyd)]), PersonsByAddress(children=[PersonsChildren(firstName=Tenley, lastName=Boyd, age=9), PersonsChildren(firstName=Roger, lastName=Test, age=5)], adult=[])]

21/07/2022 11:07:23 INFO com.safety.safetyNet.controller.SafetyNetChildrenController
 Requête reçue -> getAddressChild :1509 Culver St

21/07/2022 11:07:23 INFO com.safety.safetyNet.controller.SafetyNetChildrenController
 Objet retourné -> getAddressChild :[PersonsByAddress(children=Siblings(children=[PersonsChildren(firstName=Tenley, lastName=Boyd, age=9), PersonsChildren(firstName=Roger, lastName=Boyd, age=5)]), adult=[PersonsAdult(firstName=John, lastName=Boyd), PersonsAdult(firstName=Jacob, lastName=Boyd), PersonsAdult(firstName=Felicia, lastName=Boyd)]), PersonsByAddress(children=Siblings(children=[PersonsChildren(firstName=Tenley, lastName=Boyd, age=9), PersonsChildren(firstName=Roger, lastName=Boyd, age=5)]), adult=[PersonsAdult(firstName=John, lastName=Boyd), PersonsAdult(firstName=Jacob, lastName=Boyd), PersonsAdult(firstName=Felicia, lastName=Boyd)])]

21/07/2022 11:07:12 INFO com.safety.safetyNet.controller.SafetyNetChildrenController
 Requête reçue -> getAddressChild :1509 Culver St

21/07/2022 11:07:12 INFO com.safety.safetyNet.controller.SafetyNetChildrenController
 Objet retourné -> getAddressChild :[PersonsByAddress(siblings=Siblings(children=[PersonsChildren(firstName=Tenley, lastName=Boyd, age=9), PersonsChildren(firstName=Roger, lastName=Boyd, age=5)]), adult=[PersonsAdult(firstName=John, lastName=Boyd), PersonsAdult(firstName=Jacob, lastName=Boyd), PersonsAdult(firstName=Felicia, lastName=Boyd)]), PersonsByAddress(siblings=Siblings(children=[PersonsChildren(firstName=Tenley, lastName=Boyd, age=9), PersonsChildren(firstName=Roger, lastName=Boyd, age=5)]), adult=[PersonsAdult(firstName=John, lastName=Boyd), PersonsAdult(firstName=Jacob, lastName=Boyd), PersonsAdult(firstName=Felicia, lastName=Boyd)])]

21/07/2022 11:07:10 INFO com.safety.safetyNet.controller.SafetyNetChildrenController
 Requête reçue -> getAddressChild :1509 Culver St

21/07/2022 11:07:10 INFO com.safety.safetyNet.controller.SafetyNetChildrenController
 Objet retourné -> getAddressChild :[PersonsByAddress(siblings=Siblings(children=[PersonsChildren(firstName=Tenley, lastName=Boyd, age=9), PersonsChildren(firstName=Roger, lastName=Boyd, age=5)]), adult=[PersonsAdult(firstName=John, lastName=Boyd), PersonsAdult(firstName=Jacob, lastName=Boyd), PersonsAdult(firstName=Felicia, lastName=Boyd)]), PersonsByAddress(siblings=Siblings(children=[PersonsChildren(firstName=Tenley, lastName=Boyd, age=9), PersonsChildren(firstName=Roger, lastName=Boyd, age=5)]), adult=[PersonsAdult(firstName=John, lastName=Boyd), PersonsAdult(firstName=Jacob, lastName=Boyd), PersonsAdult(firstName=Felicia, lastName=Boyd)])]

21/07/2022 11:07:15 INFO com.safety.safetyNet.controller.SafetyNetChildrenController
 Requête reçue -> getAddressChild :1509 Culver St

21/07/2022 11:07:15 INFO com.safety.safetyNet.controller.SafetyNetChildrenController
 Objet retourné -> getAddressChild :[PersonsByAddress(siblings=Siblings(children=[PersonsChildren(firstName=Tenley, lastName=Boyd, age=9), PersonsChildren(firstName=Roger, lastName=Boyd, age=5)]), adult=[PersonsAdult(firstName=John, lastName=Boyd), PersonsAdult(firstName=Jacob, lastName=Boyd), PersonsAdult(firstName=Felicia, lastName=Boyd)]), PersonsByAddress(siblings=Siblings(children=[PersonsChildren(firstName=Tenley, lastName=Boyd, age=9), PersonsChildren(firstName=Roger, lastName=Boyd, age=5)]), adult=[PersonsAdult(firstName=John, lastName=Boyd), PersonsAdult(firstName=Jacob, lastName=Boyd), PersonsAdult(firstName=Felicia, lastName=Boyd)])]

21/07/2022 11:07:21 INFO com.safety.safetyNet.controller.SafetyNetChildrenController
 Requête reçue -> getAddressChild :1509 Culver St

21/07/2022 11:07:21 INFO com.safety.safetyNet.controller.SafetyNetChildrenController
 Objet retourné -> getAddressChild :[PersonsByAddress(siblings=Siblings(children=[PersonsChildren(firstName=Tenley, lastName=Boyd, age=9), PersonsChildren(firstName=Roger, lastName=Boyd, age=5)]), adult=[PersonsAdult(firstName=John, lastName=Boyd), PersonsAdult(firstName=Jacob, lastName=Boyd), PersonsAdult(firstName=Felicia, lastName=Boyd)]), PersonsByAddress(siblings=Siblings(children=[PersonsChildren(firstName=Tenley, lastName=Boyd, age=9), PersonsChildren(firstName=Roger, lastName=Boyd, age=5)]), adult=[PersonsAdult(firstName=John, lastName=Boyd), PersonsAdult(firstName=Jacob, lastName=Boyd), PersonsAdult(firstName=Felicia, lastName=Boyd)])]

21/07/2022 11:07:10 INFO com.safety.safetyNet.controller.SafetyNetChildrenController
 Requête reçue -> getAddressChild :1509 Culver St

21/07/2022 11:07:10 INFO com.safety.safetyNet.controller.SafetyNetChildrenController
 Objet retourné -> getAddressChild :[PersonsByAddress(siblings=Siblings(children=[PersonsChildren(firstName=Tenley, lastName=Boyd, age=9), PersonsChildren(firstName=Roger, lastName=Boyd, age=5)]), adult=[PersonsAdult(firstName=John, lastName=Boyd), PersonsAdult(firstName=Jacob, lastName=Boyd), PersonsAdult(firstName=Felicia, lastName=Boyd), PersonsAdult(firstName=John, lastName=Boyd), PersonsAdult(firstName=Jacob, lastName=Boyd), PersonsAdult(firstName=Felicia, lastName=Boyd)]), PersonsByAddress(siblings=Siblings(children=[PersonsChildren(firstName=Tenley, lastName=Boyd, age=9), PersonsChildren(firstName=Roger, lastName=Boyd, age=5)]), adult=[PersonsAdult(firstName=John, lastName=Boyd), PersonsAdult(firstName=Jacob, lastName=Boyd), PersonsAdult(firstName=Felicia, lastName=Boyd), PersonsAdult(firstName=John, lastName=Boyd), PersonsAdult(firstName=Jacob, lastName=Boyd), PersonsAdult(firstName=Felicia, lastName=Boyd)])]

21/07/2022 11:07:14 INFO com.safety.safetyNet.controller.SafetyNetChildrenController
 Requête reçue -> getAddressChild :1509 Culver St

21/07/2022 11:07:14 INFO com.safety.safetyNet.controller.SafetyNetChildrenController
 Objet retourné -> getAddressChild :[PersonsByAddress(siblings=Siblings(children=[PersonsChildren(firstName=Tenley, lastName=Boyd, age=9), PersonsChildren(firstName=Roger, lastName=Boyd, age=5)]), adult=[PersonsAdult(firstName=John, lastName=Boyd), PersonsAdult(firstName=Jacob, lastName=Boyd), PersonsAdult(firstName=Felicia, lastName=Boyd)])]

21/07/2022 11:07:23 INFO com.safety.safetyNet.controller.SafetyNetChildrenController
 Requête reçue -> getAddressChild :1509 Culver St

21/07/2022 11:07:23 INFO com.safety.safetyNet.controller.SafetyNetChildrenController
 Objet retourné -> getAddressChild :[PersonsByAddress(siblings=Siblings(children=[PersonsChildren(firstName=Tenley, lastName=Boyd, age=9)]), adult=[PersonsAdult(firstName=John, lastName=Boyd), PersonsAdult(firstName=Jacob, lastName=Boyd), PersonsAdult(firstName=Felicia, lastName=Boyd)]), PersonsByAddress(siblings=Siblings(children=[PersonsChildren(firstName=Roger, lastName=Test, age=5)]), adult=[])]

21/07/2022 11:07:47 INFO com.safety.safetyNet.controller.SafetyNetChildrenController
 Requête reçue -> getAddressChild :1509 Culver S

21/07/2022 11:07:47 INFO com.safety.safetyNet.controller.SafetyNetChildrenController
 Objet retourné -> getAddressChild :[]

21/07/2022 11:07:51 INFO com.safety.safetyNet.controller.SafetyNetChildrenController
 Requête reçue -> getAddressChild :1509 Culver St

21/07/2022 11:07:51 INFO com.safety.safetyNet.controller.SafetyNetChildrenController
 Objet retourné -> getAddressChild :[PersonsByAddress(siblings=Siblings(children=[PersonsChildren(firstName=Tenley, lastName=Boyd, age=9)]), adult=[PersonsAdult(firstName=John, lastName=Boyd), PersonsAdult(firstName=Jacob, lastName=Boyd), PersonsAdult(firstName=Felicia, lastName=Boyd)]), PersonsByAddress(siblings=Siblings(children=[PersonsChildren(firstName=Roger, lastName=Test, age=5)]), adult=[])]

21/07/2022 11:07:52 INFO com.safety.safetyNet.controller.SafetyNetFireStationController
 Requête reçue -> getHomesAtThisStationNumber :5

21/07/2022 11:07:52 INFO com.safety.safetyNet.controller.SafetyNetFireStationController
 Objet retourné -> getHomesAtThisStationNumber :[]

21/07/2022 11:07:57 INFO com.safety.safetyNet.controller.SafetyNetFireStationController
 Requête reçue -> getHomesAtThisStationNumber :1

21/07/2022 11:07:57 INFO com.safety.safetyNet.controller.SafetyNetFireStationController
 Objet retourné -> getHomesAtThisStationNumber :[ResponsePersonsByStationNumber(address=644 Gershwin Cir, personsByFireStations=[PersonsFireStation(lastName=Duncan, age=22, email=jaboyd@email.com, medications=[], allergies=[shellfish])]), ResponsePersonsByStationNumber(address=908 73rd St, personsByFireStations=[PersonsFireStation(lastName=Walker, age=41, email=reg@email.com, medications=[thradox:700mg], allergies=[illisoxian]), PersonsFireStation(lastName=Peters, age=40, email=jpeter@email.com, medications=[], allergies=[])]), ResponsePersonsByStationNumber(address=947 E. Rose Dr, personsByFireStations=[PersonsFireStation(lastName=Stelzer, age=47, email=bstel@email.com, medications=[ibupurin:200mg, hydrapermazol:400mg], allergies=[nillacilan]), PersonsFireStation(lastName=Stelzer, age=41, email=ssanw@email.com, medications=[], allergies=[]), PersonsFireStation(lastName=Stelzer, age=8, email=bstel@email.com, medications=[noxidian:100mg, pharmacol:2500mg], allergies=[])])]

21/07/2022 12:07:03 INFO org.springframework.boot.StartupInfoLogger
 Starting ChildAlertIT using Java 11.0.16 on MSI with PID 14124 (started by froid in C:\Users\froid\OneDrive\Bureau\OpenClassRooms\safetyNet)

21/07/2022 12:07:03 INFO org.springframework.boot.SpringApplication
 No active profile set, falling back to 1 default profile: "default"

21/07/2022 12:07:07 INFO org.springframework.boot.StartupInfoLogger
 Started ChildAlertIT in 4.023 seconds (JVM running for 5.921)

21/07/2022 12:07:08 INFO com.safety.safetyNet.controller.SafetyNetChildrenController
 Requête reçue -> getAddressChild :1509 Culver St

21/07/2022 12:07:08 INFO com.safety.safetyNet.controller.SafetyNetChildrenController
 Objet retourné -> getAddressChild :[PersonsByAddress(siblings=Siblings(children=[PersonsChildren(firstName=Tenley, lastName=Boyd, age=9), PersonsChildren(firstName=Roger, lastName=Boyd, age=5)]), adult=[PersonsAdult(firstName=John, lastName=Boyd), PersonsAdult(firstName=Jacob, lastName=Boyd), PersonsAdult(firstName=Felicia, lastName=Boyd)])]

21/07/2022 12:07:07 INFO org.springframework.boot.StartupInfoLogger
 Starting ChildAlertIT using Java 11.0.16 on MSI with PID 12228 (started by froid in C:\Users\froid\OneDrive\Bureau\OpenClassRooms\safetyNet)

21/07/2022 12:07:07 INFO org.springframework.boot.SpringApplication
 No active profile set, falling back to 1 default profile: "default"

21/07/2022 12:07:11 INFO org.springframework.boot.StartupInfoLogger
 Started ChildAlertIT in 3.974 seconds (JVM running for 5.814)

21/07/2022 12:07:11 INFO com.safety.safetyNet.controller.SafetyNetChildrenController
 Requête reçue -> getAddressChild :1509 Culver St

21/07/2022 12:07:11 INFO com.safety.safetyNet.controller.SafetyNetChildrenController
 Objet retourné -> getAddressChild :[PersonsByAddress(siblings=Siblings(children=[PersonsChildren(firstName=Tenley, lastName=Boyd, age=9), PersonsChildren(firstName=Roger, lastName=Boyd, age=5)]), adult=[PersonsAdult(firstName=John, lastName=Boyd), PersonsAdult(firstName=Jacob, lastName=Boyd), PersonsAdult(firstName=Felicia, lastName=Boyd)])]

21/07/2022 12:07:31 INFO org.springframework.boot.StartupInfoLogger
 Starting ChildAlertIT using Java 11.0.16 on MSI with PID 11096 (started by froid in C:\Users\froid\OneDrive\Bureau\OpenClassRooms\safetyNet)

21/07/2022 12:07:31 INFO org.springframework.boot.SpringApplication
 No active profile set, falling back to 1 default profile: "default"

21/07/2022 12:07:36 INFO org.springframework.boot.StartupInfoLogger
 Started ChildAlertIT in 5.657 seconds (JVM running for 7.425)

21/07/2022 12:07:37 INFO com.safety.safetyNet.controller.SafetyNetChildrenController
 Requête reçue -> getAddressChild :1509 Culver St

21/07/2022 12:07:37 INFO com.safety.safetyNet.controller.SafetyNetChildrenController
 Objet retourné -> getAddressChild :[PersonsByAddress(siblings=Siblings(children=[PersonsChildren(firstName=Tenley, lastName=Boyd, age=9), PersonsChildren(firstName=Roger, lastName=Boyd, age=5)]), adult=[PersonsAdult(firstName=John, lastName=Boyd), PersonsAdult(firstName=Jacob, lastName=Boyd), PersonsAdult(firstName=Felicia, lastName=Boyd)])]

21/07/2022 12:07:02 INFO org.springframework.boot.StartupInfoLogger
 Starting ChildAlertIT using Java 11.0.16 on MSI with PID 1488 (started by froid in C:\Users\froid\OneDrive\Bureau\OpenClassRooms\safetyNet)

21/07/2022 12:07:02 INFO org.springframework.boot.SpringApplication
 No active profile set, falling back to 1 default profile: "default"

21/07/2022 12:07:09 INFO org.springframework.boot.StartupInfoLogger
 Started ChildAlertIT in 8.475 seconds (JVM running for 11.352)

21/07/2022 12:07:10 INFO com.safety.safetyNet.controller.SafetyNetChildrenController
 Requête reçue -> getAddressChild :1509 Culver St

21/07/2022 12:07:10 INFO com.safety.safetyNet.controller.SafetyNetChildrenController
 Objet retourné -> getAddressChild :[PersonsByAddress(siblings=Siblings(children=[PersonsChildren(firstName=Tenley, lastName=Boyd, age=9), PersonsChildren(firstName=Roger, lastName=Boyd, age=5)]), adult=[PersonsAdult(firstName=John, lastName=Boyd), PersonsAdult(firstName=Jacob, lastName=Boyd), PersonsAdult(firstName=Felicia, lastName=Boyd)])]

21/07/2022 12:07:27 INFO org.springframework.boot.StartupInfoLogger
 Starting ChildAlertIT using Java 11.0.16 on MSI with PID 5236 (started by froid in C:\Users\froid\OneDrive\Bureau\OpenClassRooms\safetyNet)

21/07/2022 12:07:27 INFO org.springframework.boot.SpringApplication
 No active profile set, falling back to 1 default profile: "default"

21/07/2022 12:07:33 INFO org.springframework.boot.StartupInfoLogger
 Started ChildAlertIT in 7.865 seconds (JVM running for 10.838)

21/07/2022 12:07:34 INFO com.safety.safetyNet.controller.SafetyNetChildrenController
 Requête reçue -> getAddressChild :1509 Culver 

21/07/2022 12:07:34 INFO com.safety.safetyNet.controller.SafetyNetChildrenController
 Objet retourné -> getAddressChild :[]

21/07/2022 12:07:35 INFO com.safety.safetyNet.controller.SafetyNetChildrenController
 Requête reçue -> getAddressChild :1509 Culver St

21/07/2022 12:07:35 INFO com.safety.safetyNet.controller.SafetyNetChildrenController
 Objet retourné -> getAddressChild :[PersonsByAddress(siblings=Siblings(children=[PersonsChildren(firstName=Tenley, lastName=Boyd, age=9), PersonsChildren(firstName=Roger, lastName=Boyd, age=5)]), adult=[PersonsAdult(firstName=John, lastName=Boyd), PersonsAdult(firstName=Jacob, lastName=Boyd), PersonsAdult(firstName=Felicia, lastName=Boyd)])]

21/07/2022 12:07:25 INFO com.safety.safetyNet.controller.SafetyNetPersonController
 Requête reçue -> getMedicalRecordsOfThisPerson :Prénom:John,Nom:Boyd

21/07/2022 12:07:25 INFO com.safety.safetyNet.controller.SafetyNetPersonController
 Objet retourné -> getMedicalRecordsOfThisPerson :[PersonInfo(lastName=Boyd, address=1509 Culver St, age=38, email=jaboyd@email.com, medications=[aznol:350mg, hydrapermazol:100mg], allergies=[nillacilan]), PersonInfo(lastName=Boyd, address=1509 Culver St, age=33, email=drk@email.com, medications=[pharmacol:5000mg, terazine:10mg, noznazol:250mg], allergies=[]), PersonInfo(lastName=Boyd, address=1509 Culver St, age=9, email=tenz@email.com, medications=[], allergies=[peanut]), PersonInfo(lastName=Boyd, address=1509 Culver St, age=5, email=jaboyd@email.com, medications=[], allergies=[]), PersonInfo(lastName=Boyd, address=1509 Culver St, age=35, email=jaboyd@email.com, medications=[tetracyclaz:650mg], allergies=[xilliathal]), PersonInfo(lastName=Boyd, address=112 Steppes Pl, age=56, email=aly@imail.com, medications=[aznol:200mg], allergies=[nillacilan])]
